[debug] [2022-04-10T08:32:53.188Z] ----------------------------------------------------------------------
[debug] [2022-04-10T08:32:53.192Z] Command:       C:\Program Files\nodejs\node.exe C:\Users\HAKIM\AppData\Roaming\npm\node_modules\firebase-tools\lib\bin\firebase.js init
[debug] [2022-04-10T08:32:53.194Z] CLI Version:   10.6.0
[debug] [2022-04-10T08:32:53.194Z] Platform:      win32
[debug] [2022-04-10T08:32:53.194Z] Node Version:  v16.13.1
[debug] [2022-04-10T08:32:53.195Z] Time:          Sun Apr 10 2022 14:32:53 GMT+0600 (Bangladesh Standard Time)
[debug] [2022-04-10T08:32:53.196Z] ----------------------------------------------------------------------
[debug] 
[debug] [2022-04-10T08:32:53.211Z] > command requires scopes: ["email","openid","https://www.googleapis.com/auth/cloudplatformprojects.readonly","https://www.googleapis.com/auth/firebase","https://www.googleapis.com/auth/cloud-platform"]
[debug] [2022-04-10T08:32:53.212Z] > authorizing via signed-in user (ahmleon551@gmail.com)
[info] 
     ######## #### ########  ######## ########     ###     ######  ########
     ##        ##  ##     ## ##       ##     ##  ##   ##  ##       ##
     ######    ##  ########  ######   ########  #########  ######  ######
     ##        ##  ##    ##  ##       ##     ## ##     ##       ## ##
     ##       #### ##     ## ######## ########  ##     ##  ######  ########

You're about to initialize a Firebase project in this directory:

  C:\projects\ema-john-simple

Before we get started, keep in mind:

  * You are currently outside your home directory

